/*C5*/SET SCHEMA PUBLIC
INSERT INTO POST VALUES('EVE002','RMIT Programming','Java','OPEN','s3773865','2020-05-08 13:57:09.763000','test.png')
COMMIT
INSERT INTO EVENT VALUES('EVE002','Melbourne City','2020-05-27',10)
COMMIT
INSERT INTO REPLY VALUES('EVE002','s1111111',1.0E0)
COMMIT
INSERT INTO REPLY VALUES('EVE002','s3795577',1.0E0)
COMMIT
INSERT INTO POST VALUES('SAL001','TEST','TEST SALE','OPEN','s3795577','2020-05-08 13:57:11.629000','null')
COMMIT
INSERT INTO SALE VALUES('SAL001',200.0E0,20.0E0)
COMMIT
INSERT INTO REPLY VALUES('SAL001','s3773865',35.0E0)
COMMIT
INSERT INTO REPLY VALUES('SAL001','s3773865',100.0E0)
COMMIT
INSERT INTO POST VALUES('EVE001','TEST','TEST','OPEN','s3773865','2020-05-08 13:57:12.682000','null')
COMMIT
INSERT INTO EVENT VALUES('EVE001','Mel','2020-05-14',2)
COMMIT
INSERT INTO REPLY VALUES('EVE001','s1234567',1.0E0)
COMMIT
INSERT INTO REPLY VALUES('EVE001','s3795577',1.0E0)
COMMIT
DELETE FROM POST WHERE POST_ID='EVE001'
INSERT INTO POST VALUES('EVE001','TEST','TEST','CLOSED','s3773865','2020-05-08 13:57:12.682000','null')
COMMIT
INSERT INTO POST VALUES('JOB001','TEST','TEST JOB','OPEN','s3773865','2020-05-08 13:57:13.771000','null')
COMMIT
INSERT INTO JOB VALUES('JOB001',100.0E0)
COMMIT
INSERT INTO REPLY VALUES('JOB001','s1111111',1000.0E0)
COMMIT
DISCONNECT
