/*C3*/SET SCHEMA PUBLIC
INSERT INTO POST VALUES('JOB003','1','1','OPEN','s3773865','2020-06-07 22:33:17.848000',NULL)
COMMIT
INSERT INTO JOB VALUES('JOB003',1.0E0)
COMMIT
INSERT INTO POST VALUES('JOB004','1','1','OPEN','s3773865','2020-06-07 22:33:23.816000',NULL)
COMMIT
INSERT INTO JOB VALUES('JOB004',1.0E0)
COMMIT
DELETE FROM JOB WHERE POST_ID='JOB003'
COMMIT
DELETE FROM POST WHERE POST_ID='JOB003'
COMMIT
INSERT INTO POST VALUES('JOB003','1','1','OPEN','s3773865','2020-06-07 22:33:34.837000',NULL)
COMMIT
INSERT INTO JOB VALUES('JOB003',1.0E0)
COMMIT
DELETE FROM JOB WHERE POST_ID='JOB003'
COMMIT
DELETE FROM POST WHERE POST_ID='JOB003'
COMMIT
DELETE FROM JOB WHERE POST_ID='JOB004'
COMMIT
DELETE FROM POST WHERE POST_ID='JOB004'
COMMIT
DISCONNECT
